0 info it worked if it ends with ok
1 verbose cli [ '/usr/local/bin/node', '/usr/local/bin/npm', 'run', 'dev' ]
2 info using npm@4.1.2
3 info using node@v7.5.0
4 verbose run-script [ 'predev', 'dev', 'postdev' ]
5 info lifecycle weatherapp-boilerplate@1.1.0~predev: weatherapp-boilerplate@1.1.0
6 silly lifecycle weatherapp-boilerplate@1.1.0~predev: no script for predev, continuing
7 info lifecycle weatherapp-boilerplate@1.1.0~dev: weatherapp-boilerplate@1.1.0
8 verbose lifecycle weatherapp-boilerplate@1.1.0~dev: unsafe-perm in lifecycle true
9 verbose lifecycle weatherapp-boilerplate@1.1.0~dev: PATH: /usr/local/lib/node_modules/npm/bin/node-gyp-bin:/Users/MichaelButnaru/Desktop/WeatherAppForRunners-master/MainRealease/weatherapp-boilerplate-master/node_modules/.bin:/Users/MichaelButnaru/miniconda3/envs/tutorial/bin:/Users/MichaelButnaru/miniconda3/bin:/Library/Frameworks/Python.framework/Versions/3.6/bin:/Users/MichaelButnaru/anaconda/bin:/Library/Frameworks/Python.framework/Versions/2.7/bin:/usr/local/bin:/usr/bin:/bin:/usr/sbin:/sbin
10 verbose lifecycle weatherapp-boilerplate@1.1.0~dev: CWD: /Users/MichaelButnaru/Desktop/WeatherAppForRunners-master/MainRealease/weatherapp-boilerplate-master
11 silly lifecycle weatherapp-boilerplate@1.1.0~dev: Args: [ '-c',
11 silly lifecycle   'cross-env NODE_ENV=development webpack-dev-server --inline --hot --progress' ]
12 info lifecycle weatherapp-boilerplate@1.1.0~dev: Failed to exec dev script
13 verbose stack Error: weatherapp-boilerplate@1.1.0 dev: `cross-env NODE_ENV=development webpack-dev-server --inline --hot --progress`
13 verbose stack spawn ENOENT
13 verbose stack     at ChildProcess.<anonymous> (/usr/local/lib/node_modules/npm/lib/utils/spawn.js:33:16)
13 verbose stack     at emitTwo (events.js:106:13)
13 verbose stack     at ChildProcess.emit (events.js:192:7)
13 verbose stack     at maybeClose (internal/child_process.js:890:16)
13 verbose stack     at Process.ChildProcess._handle.onexit (internal/child_process.js:226:5)
14 verbose pkgid weatherapp-boilerplate@1.1.0
15 verbose cwd /Users/MichaelButnaru/Desktop/WeatherAppForRunners-master/MainRealease/weatherapp-boilerplate-master/src
16 error Darwin 16.7.0
17 error argv "/usr/local/bin/node" "/usr/local/bin/npm" "run" "dev"
18 error node v7.5.0
19 error npm  v4.1.2
20 error file sh
21 error code ELIFECYCLE
22 error errno ENOENT
23 error syscall spawn
24 error weatherapp-boilerplate@1.1.0 dev: `cross-env NODE_ENV=development webpack-dev-server --inline --hot --progress`
24 error spawn ENOENT
25 error Failed at the weatherapp-boilerplate@1.1.0 dev script 'cross-env NODE_ENV=development webpack-dev-server --inline --hot --progress'.
25 error Make sure you have the latest version of node.js and npm installed.
25 error If you do, this is most likely a problem with the weatherapp-boilerplate package,
25 error not with npm itself.
25 error Tell the author that this fails on your system:
25 error     cross-env NODE_ENV=development webpack-dev-server --inline --hot --progress
25 error You can get information on how to open an issue for this project with:
25 error     npm bugs weatherapp-boilerplate
25 error Or if that isn't available, you can get their info via:
25 error     npm owner ls weatherapp-boilerplate
25 error There is likely additional logging output above.
26 verbose exit [ 1, true ]
